<?xml version="1.0" encoding="UTF-8"?>
<!-- Generated by org.testng.reporters.JUnitReportReporter -->
<testsuite hostname="DESKTOP-1T6UQP5" failures="0" tests="8" name="com.testing.Mobile" time="0.028" errors="0" timestamp="2022-01-30T01:01:23 IST" skipped="0">
  <testcase classname="com.testing.Mobile" name="Samsungphone1" time="0.002"/>
  <system-out/>
  <testcase classname="com.testing.Mobile" name="Applephone2" time="0.002"/>
  <system-out/>
  <testcase classname="com.testing.Mobile" name="Realmephone1" time="0.002"/>
  <system-out/>
  <testcase classname="com.testing.Mobile" name="Realmephone2" time="0.002"/>
  <system-out/>
  <testcase classname="com.testing.Mobile" name="Motophone1" time="0.002"/>
  <system-out/>
  <testcase classname="com.testing.Mobile" name="Samsungphone2" time="0.001"/>
  <system-out/>
  <testcase classname="com.testing.Mobile" name="Applephone1" time="0.015"/>
  <system-out/>
  <testcase classname="com.testing.Mobile" name="Motophone2" time="0.002"/>
  <system-out/>
</testsuite> <!-- com.testing.Mobile -->
