<?xml version="1.0" encoding="UTF-8"?>
<!-- Generated by org.testng.reporters.JUnitReportReporter -->
<testsuite hostname="DESKTOP-1T6UQP5" failures="0" tests="3" name="com.testing.Browser" time="9.741" errors="0" timestamp="2022-02-04T12:16:17 IST" skipped="0">
  <testcase classname="com.testing.Browser" name="openBeing" time="3.129"/>
  <system-out/>
  <testcase classname="com.testing.Browser" name="opengoogle" time="2.612"/>
  <system-out/>
  <testcase classname="com.testing.Browser" name="openyahoo" time="4.000"/>
  <system-out/>
</testsuite> <!-- com.testing.Browser -->
