<?xml version="1.0" encoding="UTF-8"?>
<!-- Generated by org.testng.reporters.JUnitReportReporter -->
<testsuite hostname="DESKTOP-1T6UQP5" failures="0" tests="5" name="com.testing.Test1" time="0.027" errors="0" timestamp="2022-01-30T00:34:38 IST" skipped="0">
  <testcase classname="com.testing.Test1" name="Firstcase" time="0.017"/>
  <system-out/>
  <testcase classname="com.testing.Test1" name="Secondcase" time="0.003"/>
  <system-out/>
  <testcase classname="com.testing.Test1" name="Thirdcase" time="0.003"/>
  <system-out/>
  <testcase classname="com.testing.Test1" name="Fourthcase" time="0.002"/>
  <system-out/>
  <testcase classname="com.testing.Test1" name="Fifthcase" time="0.002"/>
  <system-out/>
</testsuite> <!-- com.testing.Test1 -->
