<?xml version="1.0" encoding="UTF-8"?>
<!-- Generated by org.testng.reporters.JUnitReportReporter -->
<testsuite hostname="DESKTOP-1T6UQP5" failures="0" tests="3" name="com.testing.Launchbrower" time="4.296" errors="0" timestamp="2022-02-04T17:22:12 IST" skipped="0">
  <testcase classname="com.testing.Launchbrower" name="openBing" time="0.583"/>
  <system-out/>
  <testcase classname="com.testing.Launchbrower" name="openyahoo" time="2.420"/>
  <system-out/>
  <testcase classname="com.testing.Launchbrower" name="openGoogle" time="1.293"/>
  <system-out/>
</testsuite> <!-- com.testing.Launchbrower -->
