<?xml version="1.0" encoding="UTF-8"?>
<!-- Generated by org.testng.reporters.JUnitReportReporter -->
<testsuite hostname="DESKTOP-1T6UQP5" failures="0" tests="5" name="com.testing.Drivecar" time="0.026" errors="0" timestamp="2022-01-30T00:31:50 IST" skipped="0">
  <testcase classname="com.testing.Drivecar" name="putfirstgear" time="0.001"/>
  <system-out/>
  <testcase classname="com.testing.Drivecar" name="putthirdgear" time="0.002"/>
  <system-out/>
  <testcase classname="com.testing.Drivecar" name="startcar" time="0.021"/>
  <system-out/>
  <testcase classname="com.testing.Drivecar" name="putfourthgear" time="0.001"/>
  <system-out/>
  <testcase classname="com.testing.Drivecar" name="putsecondgear" time="0.001"/>
  <system-out/>
</testsuite> <!-- com.testing.Drivecar -->
