<?xml version="1.0" encoding="UTF-8"?>
<!-- Generated by org.testng.reporters.JUnitReportReporter -->
<testsuite hostname="DESKTOP-1T6UQP5" failures="0" tests="1" name="com.com.testing.NewTest" time="0.018" errors="0" timestamp="2022-02-06T16:45:49 IST" skipped="0">
  <testcase classname="com.com.testing.NewTest" name="test" time="0.018"/>
  <system-out/>
</testsuite> <!-- com.com.testing.NewTest -->
