<?xml version="1.0" encoding="UTF-8"?>
<!-- Generated by org.testng.reporters.JUnitReportReporter -->
<testsuite hostname="DESKTOP-1T6UQP5" failures="0" tests="5" name="testingpractice.Testpriority" time="0.033" errors="0" timestamp="2022-02-14T11:46:37 IST" skipped="0">
  <testcase classname="testingpractice.Testpriority" name="Method3" time="0.023"/>
  <system-out/>
  <testcase classname="testingpractice.Testpriority" name="Method1" time="0.003"/>
  <system-out/>
  <testcase classname="testingpractice.Testpriority" name="Method2" time="0.002"/>
  <system-out/>
  <testcase classname="testingpractice.Testpriority" name="Method4" time="0.003"/>
  <system-out/>
  <testcase classname="testingpractice.Testpriority" name="Method5" time="0.002"/>
  <system-out/>
</testsuite> <!-- testingpractice.Testpriority -->
